
Mar 02, 2025 21:25:13.50 NEW SESSION
Mar 02, 2025 21:25:13.50 [10936:11240:0302/212513.500:ERROR:cert_issuer_source_aia.cc(136)] AiaRequest::OnFetchCompleted got error -105
Mar 02, 2025 21:25:14.03 [10936:11240:0302/212514.034:ERROR:cert_issuer_source_aia.cc(136)] AiaRequest::OnFetchCompleted got error -105

Mar 04, 2025 15:03:03.06 NEW SESSION
Mar 04, 2025 15:03:03.07 [13672:2520:0304/150303.065:ERROR:page_load_metrics_update_dispatcher.cc(179)] Invalid first_paint (unset) for first_image_paint 0.565 s
Mar 04, 2025 15:03:03.07 [13672:2520:0304/150303.066:ERROR:page_load_metrics_update_dispatcher.cc(179)] Invalid first_paint 0.578 s for first_image_paint 0.565 s
Mar 04, 2025 15:03:03.17 [13672:2520:0304/150303.172:ERROR:page_load_metrics_update_dispatcher.cc(179)] Invalid first_paint 0.578 s for first_image_paint 0.565 s
Mar 04, 2025 15:03:03.44 [13672:2520:0304/150303.441:ERROR:page_load_metrics_update_dispatcher.cc(179)] Invalid first_paint 0.578 s for first_image_paint 0.565 s
Mar 04, 2025 15:03:03.49 [13672:2520:0304/150303.497:ERROR:page_load_metrics_update_dispatcher.cc(179)] Invalid first_paint 0.578 s for first_image_paint 0.565 s
Mar 04, 2025 15:03:03.60 [13672:2520:0304/150303.608:ERROR:page_load_metrics_update_dispatcher.cc(179)] Invalid first_paint 0.578 s for first_image_paint 0.565 s
Mar 04, 2025 15:03:03.73 [13672:2520:0304/150303.738:ERROR:page_load_metrics_update_dispatcher.cc(179)] Invalid first_paint 0.578 s for first_image_paint 0.565 s
Mar 04, 2025 15:03:03.86 [13672:2520:0304/150303.865:ERROR:page_load_metrics_update_dispatcher.cc(179)] Invalid first_paint 0.578 s for first_image_paint 0.565 s
Mar 04, 2025 15:03:03.94 [13672:2520:0304/150303.945:ERROR:page_load_metrics_update_dispatcher.cc(179)] Invalid first_paint 0.578 s for first_image_paint 0.565 s
Mar 04, 2025 15:03:04.04 [13672:2520:0304/150304.046:ERROR:page_load_metrics_update_dispatcher.cc(179)] Invalid first_paint 0.578 s for first_image_paint 0.565 s
Mar 04, 2025 15:03:04.14 [13672:2520:0304/150304.147:ERROR:page_load_metrics_update_dispatcher.cc(179)] Invalid first_paint 0.578 s for first_image_paint 0.565 s
Mar 04, 2025 15:03:04.25 [13672:2520:0304/150304.249:ERROR:page_load_metrics_update_dispatcher.cc(179)] Invalid first_paint 0.578 s for first_image_paint 0.565 s
Mar 04, 2025 15:03:04.35 [13672:2520:0304/150304.352:ERROR:page_load_metrics_update_dispatcher.cc(179)] Invalid first_paint 0.578 s for first_image_paint 0.565 s
Mar 04, 2025 15:03:04.46 [13672:2520:0304/150304.469:ERROR:page_load_metrics_update_dispatcher.cc(179)] Invalid first_paint 0.578 s for first_image_paint 0.565 s
Mar 04, 2025 15:03:04.57 [13672:2520:0304/150304.574:ERROR:page_load_metrics_update_dispatcher.cc(179)] Invalid first_paint 0.578 s for first_image_paint 0.565 s
Mar 04, 2025 15:03:04.67 [13672:2520:0304/150304.676:ERROR:page_load_metrics_update_dispatcher.cc(179)] Invalid first_paint 0.578 s for first_image_paint 0.565 s
Mar 04, 2025 15:03:04.79 [13672:2520:0304/150304.796:ERROR:page_load_metrics_update_dispatcher.cc(179)] Invalid first_paint 0.578 s for first_image_paint 0.565 s
Mar 04, 2025 15:03:04.90 [13672:2520:0304/150304.900:ERROR:page_load_metrics_update_dispatcher.cc(179)] Invalid first_paint 0.578 s for first_image_paint 0.565 s
Mar 04, 2025 15:03:05.00 [13672:2520:0304/150305.004:ERROR:page_load_metrics_update_dispatcher.cc(179)] Invalid first_paint 0.578 s for first_image_paint 0.565 s
Mar 04, 2025 15:03:05.35 [13672:2520:0304/150305.359:ERROR:page_load_metrics_update_dispatcher.cc(179)] Invalid first_paint 0.578 s for first_image_paint 0.565 s
Mar 04, 2025 15:03:05.76 [13672:2520:0304/150305.761:ERROR:page_load_metrics_update_dispatcher.cc(179)] Invalid first_paint 0.578 s for first_image_paint 0.565 s
Mar 04, 2025 15:03:05.99 [13672:2520:0304/150305.993:ERROR:page_load_metrics_update_dispatcher.cc(179)] Invalid first_paint 0.578 s for first_image_paint 0.565 s
Mar 04, 2025 15:03:06.36 [13672:2520:0304/150306.364:ERROR:page_load_metrics_update_dispatcher.cc(179)] Invalid first_paint 0.578 s for first_image_paint 0.565 s
Mar 04, 2025 15:03:07.04 [13672:2520:0304/150307.045:ERROR:page_load_metrics_update_dispatcher.cc(179)] Invalid first_paint 0.578 s for first_image_paint 0.565 s
Mar 04, 2025 15:03:07.63 [13672:2520:0304/150307.634:ERROR:page_load_metrics_update_dispatcher.cc(179)] Invalid first_paint 0.578 s for first_image_paint 0.565 s
Mar 04, 2025 15:03:08.02 [13672:2520:0304/150308.020:ERROR:page_load_metrics_update_dispatcher.cc(179)] Invalid first_paint 0.578 s for first_image_paint 0.565 s
Mar 04, 2025 15:03:08.07 [13672:2520:0304/150308.079:ERROR:fallback_task_provider.cc(126)] Every renderer should have at least one task provided by a primary task provider. If a "Renderer" fallback task is shown, it is a bug. If you have repro steps, please file a new bug and tag it as a dependency of crbug.com/739782.
Mar 04, 2025 15:03:08.36 [13672:2520:0304/150308.366:ERROR:fallback_task_provider.cc(126)] Every renderer should have at least one task provided by a primary task provider. If a "Renderer" fallback task is shown, it is a bug. If you have repro steps, please file a new bug and tag it as a dependency of crbug.com/739782.
Mar 04, 2025 15:03:08.72 [13672:2520:0304/150308.727:ERROR:page_load_metrics_update_dispatcher.cc(179)] Invalid first_paint 0.578 s for first_image_paint 0.565 s
Mar 04, 2025 15:03:09.25 [13672:2520:0304/150309.254:ERROR:page_load_metrics_update_dispatcher.cc(179)] Invalid first_paint 0.578 s for first_image_paint 0.565 s
Mar 04, 2025 15:03:09.39 [13672:2520:0304/150309.392:ERROR:page_load_metrics_update_dispatcher.cc(179)] Invalid first_paint 0.578 s for first_image_paint 0.565 s
Mar 04, 2025 15:03:09.56 [13672:2520:0304/150309.563:ERROR:page_load_metrics_update_dispatcher.cc(179)] Invalid first_paint 0.578 s for first_image_paint 0.565 s
Mar 04, 2025 15:03:09.84 [13672:2520:0304/150309.843:ERROR:page_load_metrics_update_dispatcher.cc(179)] Invalid first_paint 0.578 s for first_image_paint 0.565 s
Mar 04, 2025 15:03:09.98 [13672:2520:0304/150309.984:ERROR:page_load_metrics_update_dispatcher.cc(179)] Invalid first_paint 0.578 s for first_image_paint 0.565 s
Mar 04, 2025 15:03:10.39 [13672:2520:0304/150310.398:ERROR:page_load_metrics_update_dispatcher.cc(179)] Invalid first_paint 0.578 s for first_image_paint 0.565 s
Mar 04, 2025 15:03:25.01 [13672:2520:0304/150325.019:ERROR:page_load_metrics_update_dispatcher.cc(179)] Invalid first_paint 0.578 s for first_image_paint 0.565 s

Mar 22, 2025 12:26:33.49 NEW SESSION
Mar 22, 2025 12:26:33.49 [10764:10612:0322/122633.490:ERROR:smartscreen_dns_resolver.cc(110)] SmartScreenDnsResolver::OnComplete Error: -7 DidTimeOut: 1 URL: https://ntp.msn.com/edge/ntp?locale=en-US&title=New%20tab&dsp=1&sp=Bing&prerender=1&PC=NMTS
Mar 22, 2025 12:41:52.81 [10764:10612:0322/124152.816:ERROR:device_event_log_impl.cc(246)] [12:41:52.814] USB: usb_service_win.cc:105 SetupDiGetDeviceProperty({{A45C254E-DF1C-4EFD-8020-67D146A850E0}, 6}) failed: Element not found. (0x490)

Mar 27, 2025 13:00:57.46 NEW SESSION
Mar 27, 2025 13:00:57.46 [5532:2988:0327/130057.459:ERROR:extension_util.cc(464)] All good, returning true
Mar 27, 2025 13:01:12.32 [5532:13340:0327/130112.324:ERROR:cert_issuer_source_aia.cc(136)] AiaRequest::OnFetchCompleted got error -105
Mar 27, 2025 13:01:12.59 [5532:13340:0327/130112.593:ERROR:cert_issuer_source_aia.cc(136)] AiaRequest::OnFetchCompleted got error -105

Mar 31, 2025 15:22:37.12 NEW SESSION
Mar 31, 2025 15:22:37.13 [10128:2100:0331/152237.117:ERROR:fallback_task_provider.cc(126)] Every renderer should have at least one task provided by a primary task provider. If a "Renderer" fallback task is shown, it is a bug. If you have repro steps, please file a new bug and tag it as a dependency of crbug.com/739782.
Mar 31, 2025 16:32:42.34 [10128:2100:0331/163242.345:ERROR:interface_endpoint_client.cc(725)] Message 2 rejected by interface blink.mojom.WidgetHost

Apr 03, 2025 07:26:33.26 NEW SESSION
Apr 03, 2025 07:26:33.27 [14360:11812:0403/072633.265:ERROR:get_updates_processor.cc(400)] PostClientToServerMessage() failed during GetUpdates with error Network error (ERR_ABORTED)

Apr 16, 2025 11:24:00.73 NEW SESSION
Apr 16, 2025 11:24:00.74 [3392:3572:0416/112400.730:ERROR:fallback_task_provider.cc(126)] Every renderer should have at least one task provided by a primary task provider. If a "Renderer" fallback task is shown, it is a bug. If you have repro steps, please file a new bug and tag it as a dependency of crbug.com/739782.
Apr 16, 2025 11:24:00.82 [3392:3572:0416/112400.828:ERROR:fallback_task_provider.cc(126)] Every renderer should have at least one task provided by a primary task provider. If a "Renderer" fallback task is shown, it is a bug. If you have repro steps, please file a new bug and tag it as a dependency of crbug.com/739782.
Apr 16, 2025 11:24:11.84 [3392:3572:0416/112411.844:ERROR:fallback_task_provider.cc(126)] Every renderer should have at least one task provided by a primary task provider. If a "Renderer" fallback task is shown, it is a bug. If you have repro steps, please file a new bug and tag it as a dependency of crbug.com/739782.
